<?xml version="1.0" encoding="UTF-8"?>
<!-- Generated by org.testng.reporters.JUnitReportReporter -->
<testsuite skipped="0" hostname="DESKTOP-N16AECE" name="com.testscripts.TC_001" tests="1" failures="0" timestamp="2020-07-27T09:38:00 IST" time="48.037" errors="0">
  <testcase name="tc_001" time="48.037" classname="com.testscripts.TC_001"/>
  <system-out>
Application is Opened login completed  </system-out>
</testsuite> <!-- com.testscripts.TC_001 -->
