<?xml version="1.0" encoding="UTF-8"?>
<!-- Generated by org.testng.reporters.JUnitReportReporter -->
<testsuite hostname="DESKTOP-N16AECE" name="example.Highlight" tests="1" failures="0" timestamp="28 Jul 2020 08:26:30 GMT" time="12.489" errors="0">
  <testcase name="Text" time="12.489" classname="example.Highlight"/>
</testsuite> <!-- example.Highlight -->
