<?xml version="1.0" encoding="UTF-8"?>
<!-- Generated by org.testng.reporters.JUnitReportReporter -->
<testsuite skipped="0" hostname="DESKTOP-N16AECE" name="com.hrms.TestScripts.Test_004" tests="1" failures="0" timestamp="2020-07-10T20:25:34 IST" time="35.914" errors="0">
  <testcase name="login" time="35.914" classname="com.hrms.TestScripts.Test_004"/>
  <system-out/>
</testsuite> <!-- com.hrms.TestScripts.Test_004 -->
