<?xml version="1.0" encoding="UTF-8"?>
<!-- Generated by org.testng.reporters.JUnitReportReporter -->
<testsuite skipped="0" hostname="DESKTOP-N16AECE" name="testNg.Excel_WD_TestNG" tests="1" failures="0" timestamp="2020-07-08T21:18:47 IST" time="20.446" errors="0">
  <testcase name="Excel_read" time="20.446" classname="testNg.Excel_WD_TestNG"/>
  <system-out/>
</testsuite> <!-- testNg.Excel_WD_TestNG -->
