<?xml version="1.0" encoding="UTF-8"?>
<!-- Generated by org.testng.reporters.JUnitReportReporter -->
<testsuite skipped="0" hostname="DESKTOP-N16AECE" name="testNg.Drag_Drop" tests="1" failures="0" timestamp="2020-07-09T16:33:29 IST" time="19.295" errors="0">
  <testcase name="testDragandDrop" time="19.295" classname="testNg.Drag_Drop"/>
  <system-out/>
</testsuite> <!-- testNg.Drag_Drop -->
