<?xml version="1.0" encoding="UTF-8"?>
<!-- Generated by org.testng.reporters.JUnitReportReporter -->
<testsuite skipped="0" hostname="DESKTOP-N16AECE" name="com.hrms.TestScripts.TC_001" tests="1" failures="0" timestamp="2020-08-02T18:55:11 IST" time="37.044" errors="0">
  <testcase name="login" time="37.044" classname="com.hrms.TestScripts.TC_001"/>
  <system-out/>
</testsuite> <!-- com.hrms.TestScripts.TC_001 -->
