<?xml version="1.0" encoding="UTF-8"?>
<!-- Generated by org.testng.reporters.JUnitReportReporter -->
<testsuite skipped="0" hostname="DESKTOP-N16AECE" name="com.hrms.TestScripts.TC_001" tests="1" failures="0" timestamp="2020-07-13T21:44:51 IST" time="39.074" errors="0">
  <testcase name="login" time="39.074" classname="com.hrms.TestScripts.TC_001"/>
  <system-out/>
</testsuite> <!-- com.hrms.TestScripts.TC_001 -->
