<?xml version="1.0" encoding="UTF-8"?>
<!-- Generated by org.testng.reporters.JUnitReportReporter -->
<testsuite skipped="0" hostname="DESKTOP-N16AECE" name="com.hrms.TestScripts.TC_003" tests="1" failures="0" timestamp="2020-07-10T09:43:45 IST" time="32.734" errors="0">
  <testcase name="Run" time="32.734" classname="com.hrms.TestScripts.TC_003"/>
  <system-out/>
</testsuite> <!-- com.hrms.TestScripts.TC_003 -->
