<?xml version="1.0" encoding="UTF-8"?>
<!-- Generated by org.testng.reporters.JUnitReportReporter -->
<testsuite skipped="0" hostname="DESKTOP-N16AECE" name="com.hrms.TestScripts.TC_004" tests="1" failures="0" timestamp="2020-07-12T19:28:33 IST" time="95.701" errors="0">
  <testcase name="login" time="95.701" classname="com.hrms.TestScripts.TC_004"/>
  <system-out/>
</testsuite> <!-- com.hrms.TestScripts.TC_004 -->
