<?xml version="1.0" encoding="UTF-8"?>
<!-- Generated by org.testng.reporters.JUnitReportReporter -->
<testsuite skipped="0" hostname="DESKTOP-N16AECE" name="testNg.TestNG_class" tests="4" failures="0" timestamp="2020-07-08T20:37:43 IST" time="24.213" errors="0">
  <testcase name="Startup" time="7.678" classname="testNg.TestNG_class"/>
  <system-out/>
  <testcase name="Login" time="10.567" classname="testNg.TestNG_class"/>
  <system-out>
App is Open Login Completed  </system-out>
  <testcase name="Add_emp" time="5.473" classname="testNg.TestNG_class"/>
  <system-out>
Add emp is Added  </system-out>
  <testcase name="teardown" time="0.495" classname="testNg.TestNG_class"/>
  <system-out>
Logout successfully  </system-out>
</testsuite> <!-- testNg.TestNG_class -->
