<?xml version="1.0" encoding="UTF-8"?>
<!-- Generated by org.testng.reporters.JUnitReportReporter -->
<testsuite skipped="0" hostname="DESKTOP-N16AECE" name="testNg.Chord" tests="1" failures="0" timestamp="2020-07-30T10:41:09 IST" time="4.965" errors="0">
  <testcase name="testKeys_Chord" time="4.965" classname="testNg.Chord"/>
  <system-out/>
</testsuite> <!-- testNg.Chord -->
